example/build/outputs/logs/manifest-merger-debug-report.txt
-- Merging decision tree log ---
manifest
ADDED from src\main\AndroidManifest.xml:2:1-216:12
	package
		ADDED from src\main\AndroidManifest.xml:3:5-33
		INJECTED from src\main\AndroidManifest.xml
		INJECTED from src\main\AndroidManifest.xml
	android:versionName
		ADDED from src\main\AndroidManifest.xml:6:5-30
		INJECTED from src\main\AndroidManifest.xml
		INJECTED from src\main\AndroidManifest.xml
	android:versionCode
		ADDED from src\main\AndroidManifest.xml:5:5-28
		INJECTED from src\main\AndroidManifest.xml
		INJECTED from src\main\AndroidManifest.xml
	xmlns:android
		ADDED from src\main\AndroidManifest.xml:2:11-69
	android:installLocation
		ADDED from src\main\AndroidManifest.xml:4:5-35
uses-sdk
ADDED from src\main\AndroidManifest.xml:8:5-10:41
MERGED from [com.android.support:support-v4:24.1.1] AndroidManifest.xml:21:5-23:54
MERGED from [zoom-sdk-android-studio:zoomcommonlib:unspecified] AndroidManifest.xml:7:5-9:41
MERGED from [zoom-sdk-android-studio:zoomsdk:unspecified] AndroidManifest.xml:7:5-9:41
MERGED from [com.android.support:design:24.1.1] AndroidManifest.xml:20:5-43
MERGED from [com.android.support:support-v4:24.1.1] AndroidManifest.xml:21:5-23:54
MERGED from [com.android.support:recyclerview-v7:24.1.1] AndroidManifest.xml:20:5-43
MERGED from [com.android.support:support-v4:24.1.1] AndroidManifest.xml:21:5-23:54
MERGED from [com.android.support:appcompat-v7:24.1.1] AndroidManifest.xml:21:5-23:78
MERGED from [com.android.support:animated-vector-drawable:24.1.1] AndroidManifest.xml:20:5-44
MERGED from [com.android.support:support-vector-drawable:24.1.1] AndroidManifest.xml:21:5-43
MERGED from [com.android.support:support-v4:24.1.1] AndroidManifest.xml:21:5-23:54
MERGED from [com.android.support:support-v4:24.1.1] AndroidManifest.xml:21:5-23:54
MERGED from [com.android.support:support-vector-drawable:24.1.1] AndroidManifest.xml:21:5-43
MERGED from [com.android.support:support-v4:24.1.1] AndroidManifest.xml:21:5-23:54
MERGED from [com.android.support:recyclerview-v7:24.1.1] AndroidManifest.xml:20:5-43
MERGED from [com.android.support:support-v4:24.1.1] AndroidManifest.xml:21:5-23:54
MERGED from [com.paypal.sdk:paypal-android-sdk:2.14.4] AndroidManifest.xml:5:5-7:41
MERGED from [io.card:android-sdk:5.4.0] AndroidManifest.xml:7:5-9:41
	tools:overrideLibrary
		ADDED from [com.android.support:support-v4:24.1.1] AndroidManifest.xml:23:9-51
	android:targetSdkVersion
		ADDED from src\main\AndroidManifest.xml:10:9-38
		INJECTED from src\main\AndroidManifest.xml
		INJECTED from src\main\AndroidManifest.xml
	android:minSdkVersion
		ADDED from src\main\AndroidManifest.xml:9:9-35
		INJECTED from src\main\AndroidManifest.xml
		INJECTED from src\main\AndroidManifest.xml
uses-feature#0x00020000
ADDED from src\main\AndroidManifest.xml:12:5-54
MERGED from [zoom-sdk-android-studio:zoomsdk:unspecified] AndroidManifest.xml:11:5-54
	android:glEsVersion
		ADDED from src\main\AndroidManifest.xml:12:19-51
uses-permission#android.permission.CAMERA
ADDED from src\main\AndroidManifest.xml:15:5-64
MERGED from [zoom-sdk-android-studio:zoomsdk:unspecified] AndroidManifest.xml:35:5-65
MERGED from [io.card:android-sdk:5.4.0] AndroidManifest.xml:11:5-65
	android:name
		ADDED from src\main\AndroidManifest.xml:15:22-62
uses-permission#android.permission.VIBRATE
ADDED from src\main\AndroidManifest.xml:16:5-65
MERGED from [io.card:android-sdk:5.4.0] AndroidManifest.xml:12:5-66
	android:name
		ADDED from src\main\AndroidManifest.xml:16:22-63
uses-feature#android.hardware.camera
ADDED from src\main\AndroidManifest.xml:17:5-84
MERGED from [zoom-sdk-android-studio:zoomsdk:unspecified] AndroidManifest.xml:12:5-14:36
MERGED from [io.card:android-sdk:5.4.0] AndroidManifest.xml:14:5-16:36
	android:required
		ADDED from src\main\AndroidManifest.xml:17:58-82
	android:name
		ADDED from src\main\AndroidManifest.xml:17:19-57
uses-feature#android.hardware.camera.autofocus
ADDED from src\main\AndroidManifest.xml:18:5-94
MERGED from [zoom-sdk-android-studio:zoomsdk:unspecified] AndroidManifest.xml:15:5-17:36
MERGED from [io.card:android-sdk:5.4.0] AndroidManifest.xml:17:5-19:36
	android:required
		ADDED from src\main\AndroidManifest.xml:18:68-92
	android:name
		ADDED from src\main\AndroidManifest.xml:18:19-67
uses-permission#android.permission.ACCESS_NETWORK_STATE
ADDED from src\main\AndroidManifest.xml:20:5-78
MERGED from [zoom-sdk-android-studio:zoomsdk:unspecified] AndroidManifest.xml:31:5-79
MERGED from [com.paypal.sdk:paypal-android-sdk:2.14.4] AndroidManifest.xml:9:5-79
	android:name
		ADDED from src\main\AndroidManifest.xml:20:22-76
uses-permission#android.permission.ACCESS_WIFI_STATE
ADDED from src\main\AndroidManifest.xml:21:5-75
MERGED from [zoom-sdk-android-studio:zoomsdk:unspecified] AndroidManifest.xml:32:5-76
	android:name
		ADDED from src\main\AndroidManifest.xml:21:22-73
uses-permission#android.permission.INTERNET
ADDED from src\main\AndroidManifest.xml:22:5-66
MERGED from [zoom-sdk-android-studio:zoomsdk:unspecified] AndroidManifest.xml:29:5-67
MERGED from [com.paypal.sdk:paypal-android-sdk:2.14.4] AndroidManifest.xml:10:5-67
	android:name
		ADDED from src\main\AndroidManifest.xml:22:22-64
action#android.intent.action.MAIN
ADDED from src\main\AndroidManifest.xml:24:5-56
	android:name
		ADDED from src\main\AndroidManifest.xml:24:13-54
category#android.intent.category.LAUNCHER
ADDED from src\main\AndroidManifest.xml:25:5-64
	android:name
		ADDED from src\main\AndroidManifest.xml:25:15-62
application
ADDED from src\main\AndroidManifest.xml:57:5-214:19
MERGED from [com.android.support:support-v4:24.1.1] AndroidManifest.xml:25:5-20
MERGED from [zoom-sdk-android-studio:zoomsdk:unspecified] AndroidManifest.xml:43:5-123:19
MERGED from [com.android.support:design:24.1.1] AndroidManifest.xml:22:5-20
MERGED from [com.android.support:support-v4:24.1.1] AndroidManifest.xml:25:5-20
MERGED from [com.android.support:support-v4:24.1.1] AndroidManifest.xml:25:5-20
MERGED from [com.android.support:appcompat-v7:24.1.1] AndroidManifest.xml:25:5-20
MERGED from [com.android.support:animated-vector-drawable:24.1.1] AndroidManifest.xml:22:5-20
MERGED from [com.android.support:support-vector-drawable:24.1.1] AndroidManifest.xml:23:5-20
MERGED from [com.android.support:support-v4:24.1.1] AndroidManifest.xml:25:5-20
MERGED from [com.android.support:support-v4:24.1.1] AndroidManifest.xml:25:5-20
MERGED from [com.android.support:support-vector-drawable:24.1.1] AndroidManifest.xml:23:5-20
MERGED from [com.android.support:support-v4:24.1.1] AndroidManifest.xml:25:5-20
MERGED from [com.android.support:support-v4:24.1.1] AndroidManifest.xml:25:5-20
MERGED from [com.paypal.sdk:paypal-android-sdk:2.14.4] AndroidManifest.xml:12:5-26:19
MERGED from [io.card:android-sdk:5.4.0] AndroidManifest.xml:21:5-26:19
	android:label
		ADDED from src\main\AndroidManifest.xml:59:9-46
	android:icon
		ADDED from src\main\AndroidManifest.xml:58:9-45
activity#us.zoom.sdkexample.Home
ADDED from src\main\AndroidManifest.xml:61:9-70:20
	android:label
		ADDED from src\main\AndroidManifest.xml:64:13-33
	android:icon
		ADDED from src\main\AndroidManifest.xml:63:13-49
	android:theme
		ADDED from src\main\AndroidManifest.xml:65:13-44
	android:name
		ADDED from src\main\AndroidManifest.xml:62:13-51
intent-filter#android.intent.action.MAIN+android.intent.category.LAUNCHER
ADDED from src\main\AndroidManifest.xml:66:13-69:29
activity#us.zoom.sdkexample.MainActivity
ADDED from src\main\AndroidManifest.xml:72:9-78:20
	android:label
		ADDED from src\main\AndroidManifest.xml:75:13-50
	android:icon
		ADDED from src\main\AndroidManifest.xml:74:13-49
	android:theme
		ADDED from src\main\AndroidManifest.xml:76:13-54
	android:name
		ADDED from src\main\AndroidManifest.xml:73:13-59
activity#us.zoom.sdkexample.MyInviteActivity
ADDED from src\main\AndroidManifest.xml:80:9-89:20
	android:label
		ADDED from src\main\AndroidManifest.xml:83:13-58
	android:icon
		ADDED from src\main\AndroidManifest.xml:82:13-49
	android:theme
		ADDED from src\main\AndroidManifest.xml:84:13-54
	android:name
		ADDED from src\main\AndroidManifest.xml:81:13-63
intent-filter#android.intent.category.DEFAULT+us.zoom.sdkexample.intent.action.MeetingInvite
ADDED from src\main\AndroidManifest.xml:85:13-88:29
action#us.zoom.sdkexample.intent.action.MeetingInvite
ADDED from src\main\AndroidManifest.xml:86:17-89
	android:name
		ADDED from src\main\AndroidManifest.xml:86:25-86
category#android.intent.category.DEFAULT
ADDED from src\main\AndroidManifest.xml:87:17-76
	android:name
		ADDED from src\main\AndroidManifest.xml:87:27-73
activity#com.dropbox.client2.android.AuthActivity
ADDED from src\main\AndroidManifest.xml:91:9-106:20
	android:launchMode
		ADDED from src\main\AndroidManifest.xml:94:13-44
	android:configChanges
		ADDED from src\main\AndroidManifest.xml:93:13-57
	android:theme
		ADDED from src\main\AndroidManifest.xml:95:13-53
	android:name
		ADDED from src\main\AndroidManifest.xml:92:13-68
intent-filter#android.intent.action.VIEW+android.intent.category.BROWSABLE+android.intent.category.DEFAULT
ADDED from src\main\AndroidManifest.xml:96:13-105:29
data
ADDED from src\main\AndroidManifest.xml:99:17-56
	android:scheme
		ADDED from src\main\AndroidManifest.xml:99:23-53
action#android.intent.action.VIEW
ADDED from src\main\AndroidManifest.xml:101:17-69
	android:name
		ADDED from src\main\AndroidManifest.xml:101:25-66
category#android.intent.category.BROWSABLE
ADDED from src\main\AndroidManifest.xml:103:17-78
	android:name
		ADDED from src\main\AndroidManifest.xml:103:27-75
service#com.paypal.android.sdk.payments.PayPalService
ADDED from src\main\AndroidManifest.xml:110:9-105
MERGED from [com.paypal.sdk:paypal-android-sdk:2.14.4] AndroidManifest.xml:23:9-25:40
	android:exported
		ADDED from src\main\AndroidManifest.xml:110:79-103
	android:name
		ADDED from src\main\AndroidManifest.xml:110:18-78
activity#com.paypal.android.sdk.payments.PaymentActivity
ADDED from src\main\AndroidManifest.xml:111:9-83
MERGED from [com.paypal.sdk:paypal-android-sdk:2.14.4] AndroidManifest.xml:13:9-84
	android:name
		ADDED from src\main\AndroidManifest.xml:111:19-81
activity#com.paypal.android.sdk.payments.LoginActivity
ADDED from src\main\AndroidManifest.xml:112:9-81
MERGED from [com.paypal.sdk:paypal-android-sdk:2.14.4] AndroidManifest.xml:16:9-82
	android:name
		ADDED from src\main\AndroidManifest.xml:112:19-79
activity#com.paypal.android.sdk.payments.PaymentMethodActivity
ADDED from src\main\AndroidManifest.xml:113:9-89
MERGED from [com.paypal.sdk:paypal-android-sdk:2.14.4] AndroidManifest.xml:14:9-90
	android:name
		ADDED from src\main\AndroidManifest.xml:113:19-87
activity#com.paypal.android.sdk.payments.PaymentConfirmActivity
ADDED from src\main\AndroidManifest.xml:114:9-90
MERGED from [com.paypal.sdk:paypal-android-sdk:2.14.4] AndroidManifest.xml:15:9-91
	android:name
		ADDED from src\main\AndroidManifest.xml:114:19-88
activity#com.paypal.android.sdk.payments.PayPalFuturePaymentActivity
ADDED from src\main\AndroidManifest.xml:115:9-95
MERGED from [com.paypal.sdk:paypal-android-sdk:2.14.4] AndroidManifest.xml:17:9-96
	android:name
		ADDED from src\main\AndroidManifest.xml:115:19-93
activity#com.paypal.android.sdk.payments.FuturePaymentConsentActivity
ADDED from src\main\AndroidManifest.xml:116:9-96
MERGED from [com.paypal.sdk:paypal-android-sdk:2.14.4] AndroidManifest.xml:18:9-97
	android:name
		ADDED from src\main\AndroidManifest.xml:116:19-94
activity#com.paypal.android.sdk.payments.FuturePaymentInfoActivity
ADDED from src\main\AndroidManifest.xml:117:9-93
MERGED from [com.paypal.sdk:paypal-android-sdk:2.14.4] AndroidManifest.xml:19:9-94
	android:name
		ADDED from src\main\AndroidManifest.xml:117:19-91
activity#io.card.payment.DataEntryActivity
ADDED from src\main\AndroidManifest.xml:118:9-69
MERGED from [io.card:android-sdk:5.4.0] AndroidManifest.xml:25:9-70
	android:name
		ADDED from src\main\AndroidManifest.xml:118:19-67
uses-feature#android.hardware.telephony
ADDED from [zoom-sdk-android-studio:zoomsdk:unspecified] AndroidManifest.xml:18:5-20:36
	android:required
		ADDED from [zoom-sdk-android-studio:zoomsdk:unspecified] AndroidManifest.xml:20:9-33
	android:name
		ADDED from [zoom-sdk-android-studio:zoomsdk:unspecified] AndroidManifest.xml:19:9-50
uses-feature#android.hardware.bluetooth
ADDED from [zoom-sdk-android-studio:zoomsdk:unspecified] AndroidManifest.xml:21:5-23:36
	android:required
		ADDED from [zoom-sdk-android-studio:zoomsdk:unspecified] AndroidManifest.xml:23:9-33
	android:name
		ADDED from [zoom-sdk-android-studio:zoomsdk:unspecified] AndroidManifest.xml:22:9-50
uses-feature#android.hardware.microphone
ADDED from [zoom-sdk-android-studio:zoomsdk:unspecified] AndroidManifest.xml:24:5-26:36
	android:required
		ADDED from [zoom-sdk-android-studio:zoomsdk:unspecified] AndroidManifest.xml:26:9-33
	android:name
		ADDED from [zoom-sdk-android-studio:zoomsdk:unspecified] AndroidManifest.xml:25:9-51
uses-permission#android.permission.WRITE_EXTERNAL_STORAGE
ADDED from [zoom-sdk-android-studio:zoomsdk:unspecified] AndroidManifest.xml:28:5-81
	android:name
		ADDED from [zoom-sdk-android-studio:zoomsdk:unspecified] AndroidManifest.xml:28:22-78
uses-permission#android.permission.READ_PHONE_STATE
ADDED from [zoom-sdk-android-studio:zoomsdk:unspecified] AndroidManifest.xml:30:5-75
	android:name
		ADDED from [zoom-sdk-android-studio:zoomsdk:unspecified] AndroidManifest.xml:30:22-72
uses-permission#android.permission.MODIFY_AUDIO_SETTINGS
ADDED from [zoom-sdk-android-studio:zoomsdk:unspecified] AndroidManifest.xml:33:5-80
	android:name
		ADDED from [zoom-sdk-android-studio:zoomsdk:unspecified] AndroidManifest.xml:33:22-77
uses-permission#android.permission.RECORD_AUDIO
ADDED from [zoom-sdk-android-studio:zoomsdk:unspecified] AndroidManifest.xml:34:5-71
	android:name
		ADDED from [zoom-sdk-android-studio:zoomsdk:unspecified] AndroidManifest.xml:34:22-68
uses-permission#android.permission.BLUETOOTH
ADDED from [zoom-sdk-android-studio:zoomsdk:unspecified] AndroidManifest.xml:36:5-68
	android:name
		ADDED from [zoom-sdk-android-studio:zoomsdk:unspecified] AndroidManifest.xml:36:22-65
uses-permission#android.permission.BLUETOOTH_ADMIN
ADDED from [zoom-sdk-android-studio:zoomsdk:unspecified] AndroidManifest.xml:37:5-74
	android:name
		ADDED from [zoom-sdk-android-studio:zoomsdk:unspecified] AndroidManifest.xml:37:22-71
uses-permission#android.permission.BROADCAST_STICKY
ADDED from [zoom-sdk-android-studio:zoomsdk:unspecified] AndroidManifest.xml:38:5-75
	android:name
		ADDED from [zoom-sdk-android-studio:zoomsdk:unspecified] AndroidManifest.xml:38:22-72
uses-permission#android.permission.WAKE_LOCK
ADDED from [zoom-sdk-android-studio:zoomsdk:unspecified] AndroidManifest.xml:39:5-68
	android:name
		ADDED from [zoom-sdk-android-studio:zoomsdk:unspecified] AndroidManifest.xml:39:22-65
uses-permission#android.permission.CALL_PHONE
ADDED from [zoom-sdk-android-studio:zoomsdk:unspecified] AndroidManifest.xml:40:5-69
	android:name
		ADDED from [zoom-sdk-android-studio:zoomsdk:unspecified] AndroidManifest.xml:40:22-66
uses-permission#android.permission.SYSTEM_ALERT_WINDOW
ADDED from [zoom-sdk-android-studio:zoomsdk:unspecified] AndroidManifest.xml:41:5-78
	android:name
		ADDED from [zoom-sdk-android-studio:zoomsdk:unspecified] AndroidManifest.xml:41:22-75
activity#com.zipow.videobox.JoinByURLActivity
ADDED from [zoom-sdk-android-studio:zoomsdk:unspecified] AndroidManifest.xml:44:9-48:58
	android:launchMode
		ADDED from [zoom-sdk-android-studio:zoomsdk:unspecified] AndroidManifest.xml:47:13-44
	android:configChanges
		ADDED from [zoom-sdk-android-studio:zoomsdk:unspecified] AndroidManifest.xml:46:13-59
	android:theme
		ADDED from [zoom-sdk-android-studio:zoomsdk:unspecified] AndroidManifest.xml:48:13-55
	android:name
		ADDED from [zoom-sdk-android-studio:zoomsdk:unspecified] AndroidManifest.xml:45:13-64
activity#com.zipow.videobox.IntegrationActivity
ADDED from [zoom-sdk-android-studio:zoomsdk:unspecified] AndroidManifest.xml:49:9-53:58
	android:launchMode
		ADDED from [zoom-sdk-android-studio:zoomsdk:unspecified] AndroidManifest.xml:52:13-44
	android:configChanges
		ADDED from [zoom-sdk-android-studio:zoomsdk:unspecified] AndroidManifest.xml:51:13-59
	android:theme
		ADDED from [zoom-sdk-android-studio:zoomsdk:unspecified] AndroidManifest.xml:53:13-55
	android:name
		ADDED from [zoom-sdk-android-studio:zoomsdk:unspecified] AndroidManifest.xml:50:13-66
activity#com.zipow.videobox.MeetingEndMessageActivity
ADDED from [zoom-sdk-android-studio:zoomsdk:unspecified] AndroidManifest.xml:54:9-57:59
	android:configChanges
		ADDED from [zoom-sdk-android-studio:zoomsdk:unspecified] AndroidManifest.xml:56:13-59
	android:theme
		ADDED from [zoom-sdk-android-studio:zoomsdk:unspecified] AndroidManifest.xml:57:13-56
	android:name
		ADDED from [zoom-sdk-android-studio:zoomsdk:unspecified] AndroidManifest.xml:55:13-72
activity#com.zipow.videobox.ConfActivityNormal
ADDED from [zoom-sdk-android-studio:zoomsdk:unspecified] AndroidManifest.xml:58:9-63:56
	android:process
		ADDED from [zoom-sdk-android-studio:zoomsdk:unspecified] AndroidManifest.xml:62:13-44
	android:hardwareAccelerated
		ADDED from [zoom-sdk-android-studio:zoomsdk:unspecified] AndroidManifest.xml:61:13-48
	android:configChanges
		ADDED from [zoom-sdk-android-studio:zoomsdk:unspecified] AndroidManifest.xml:60:13-59
	android:theme
		ADDED from [zoom-sdk-android-studio:zoomsdk:unspecified] AndroidManifest.xml:63:13-53
	android:name
		ADDED from [zoom-sdk-android-studio:zoomsdk:unspecified] AndroidManifest.xml:59:13-65
activity#com.zipow.videobox.PListActivity
ADDED from [zoom-sdk-android-studio:zoomsdk:unspecified] AndroidManifest.xml:64:9-69:56
	android:process
		ADDED from [zoom-sdk-android-studio:zoomsdk:unspecified] AndroidManifest.xml:68:13-44
	android:hardwareAccelerated
		ADDED from [zoom-sdk-android-studio:zoomsdk:unspecified] AndroidManifest.xml:67:13-48
	android:configChanges
		ADDED from [zoom-sdk-android-studio:zoomsdk:unspecified] AndroidManifest.xml:66:13-59
	android:theme
		ADDED from [zoom-sdk-android-studio:zoomsdk:unspecified] AndroidManifest.xml:69:13-53
	android:name
		ADDED from [zoom-sdk-android-studio:zoomsdk:unspecified] AndroidManifest.xml:65:13-60
activity#com.zipow.videobox.ConfChatActivity
ADDED from [zoom-sdk-android-studio:zoomsdk:unspecified] AndroidManifest.xml:70:9-74:56
	android:process
		ADDED from [zoom-sdk-android-studio:zoomsdk:unspecified] AndroidManifest.xml:73:13-44
	android:configChanges
		ADDED from [zoom-sdk-android-studio:zoomsdk:unspecified] AndroidManifest.xml:72:13-59
	android:theme
		ADDED from [zoom-sdk-android-studio:zoomsdk:unspecified] AndroidManifest.xml:74:13-53
	android:name
		ADDED from [zoom-sdk-android-studio:zoomsdk:unspecified] AndroidManifest.xml:71:13-63
activity#com.zipow.videobox.MeetingRunningInfoActivity
ADDED from [zoom-sdk-android-studio:zoomsdk:unspecified] AndroidManifest.xml:75:9-79:56
	android:process
		ADDED from [zoom-sdk-android-studio:zoomsdk:unspecified] AndroidManifest.xml:78:13-44
	android:configChanges
		ADDED from [zoom-sdk-android-studio:zoomsdk:unspecified] AndroidManifest.xml:77:13-59
	android:theme
		ADDED from [zoom-sdk-android-studio:zoomsdk:unspecified] AndroidManifest.xml:79:13-53
	android:name
		ADDED from [zoom-sdk-android-studio:zoomsdk:unspecified] AndroidManifest.xml:76:13-73
activity#com.zipow.videobox.CallInActivity
ADDED from [zoom-sdk-android-studio:zoomsdk:unspecified] AndroidManifest.xml:80:9-84:56
	android:process
		ADDED from [zoom-sdk-android-studio:zoomsdk:unspecified] AndroidManifest.xml:83:13-44
	android:configChanges
		ADDED from [zoom-sdk-android-studio:zoomsdk:unspecified] AndroidManifest.xml:82:13-59
	android:theme
		ADDED from [zoom-sdk-android-studio:zoomsdk:unspecified] AndroidManifest.xml:84:13-53
	android:name
		ADDED from [zoom-sdk-android-studio:zoomsdk:unspecified] AndroidManifest.xml:81:13-61
activity#com.zipow.videobox.SimpleActivity
ADDED from [zoom-sdk-android-studio:zoomsdk:unspecified] AndroidManifest.xml:85:9-89:70
	android:windowSoftInputMode
		ADDED from [zoom-sdk-android-studio:zoomsdk:unspecified] AndroidManifest.xml:89:13-67
	android:configChanges
		ADDED from [zoom-sdk-android-studio:zoomsdk:unspecified] AndroidManifest.xml:87:13-59
	android:theme
		ADDED from [zoom-sdk-android-studio:zoomsdk:unspecified] AndroidManifest.xml:88:13-53
	android:name
		ADDED from [zoom-sdk-android-studio:zoomsdk:unspecified] AndroidManifest.xml:86:13-61
activity#com.zipow.videobox.SimpleInMeetingActivity
ADDED from [zoom-sdk-android-studio:zoomsdk:unspecified] AndroidManifest.xml:90:9-95:70
	android:process
		ADDED from [zoom-sdk-android-studio:zoomsdk:unspecified] AndroidManifest.xml:93:13-44
	android:windowSoftInputMode
		ADDED from [zoom-sdk-android-studio:zoomsdk:unspecified] AndroidManifest.xml:95:13-67
	android:configChanges
		ADDED from [zoom-sdk-android-studio:zoomsdk:unspecified] AndroidManifest.xml:92:13-59
	android:theme
		ADDED from [zoom-sdk-android-studio:zoomsdk:unspecified] AndroidManifest.xml:94:13-53
	android:name
		ADDED from [zoom-sdk-android-studio:zoomsdk:unspecified] AndroidManifest.xml:91:13-70
activity#com.zipow.videobox.poll.PollingActivity
ADDED from [zoom-sdk-android-studio:zoomsdk:unspecified] AndroidManifest.xml:96:9-99:56
	android:configChanges
		ADDED from [zoom-sdk-android-studio:zoomsdk:unspecified] AndroidManifest.xml:98:13-59
	android:theme
		ADDED from [zoom-sdk-android-studio:zoomsdk:unspecified] AndroidManifest.xml:99:13-53
	android:name
		ADDED from [zoom-sdk-android-studio:zoomsdk:unspecified] AndroidManifest.xml:97:13-67
activity#com.zipow.videobox.poll.WebinarPollingActivity
ADDED from [zoom-sdk-android-studio:zoomsdk:unspecified] AndroidManifest.xml:100:9-104:56
	android:process
		ADDED from [zoom-sdk-android-studio:zoomsdk:unspecified] AndroidManifest.xml:103:13-44
	android:configChanges
		ADDED from [zoom-sdk-android-studio:zoomsdk:unspecified] AndroidManifest.xml:102:13-59
	android:theme
		ADDED from [zoom-sdk-android-studio:zoomsdk:unspecified] AndroidManifest.xml:104:13-53
	android:name
		ADDED from [zoom-sdk-android-studio:zoomsdk:unspecified] AndroidManifest.xml:101:13-74
activity#com.zipow.videobox.poll.PollingResultActivity
ADDED from [zoom-sdk-android-studio:zoomsdk:unspecified] AndroidManifest.xml:105:9-108:56
	android:configChanges
		ADDED from [zoom-sdk-android-studio:zoomsdk:unspecified] AndroidManifest.xml:107:13-59
	android:theme
		ADDED from [zoom-sdk-android-studio:zoomsdk:unspecified] AndroidManifest.xml:108:13-53
	android:name
		ADDED from [zoom-sdk-android-studio:zoomsdk:unspecified] AndroidManifest.xml:106:13-73
activity#com.zipow.videobox.poll.WebinarPollingResultActivity
ADDED from [zoom-sdk-android-studio:zoomsdk:unspecified] AndroidManifest.xml:109:9-113:56
	android:process
		ADDED from [zoom-sdk-android-studio:zoomsdk:unspecified] AndroidManifest.xml:112:13-44
	android:configChanges
		ADDED from [zoom-sdk-android-studio:zoomsdk:unspecified] AndroidManifest.xml:111:13-59
	android:theme
		ADDED from [zoom-sdk-android-studio:zoomsdk:unspecified] AndroidManifest.xml:113:13-53
	android:name
		ADDED from [zoom-sdk-android-studio:zoomsdk:unspecified] AndroidManifest.xml:110:13-80
activity#us.zoom.androidlib.app.ZMFileListActivity
ADDED from [zoom-sdk-android-studio:zoomsdk:unspecified] AndroidManifest.xml:114:9-117:56
	android:configChanges
		ADDED from [zoom-sdk-android-studio:zoomsdk:unspecified] AndroidManifest.xml:116:13-59
	android:theme
		ADDED from [zoom-sdk-android-studio:zoomsdk:unspecified] AndroidManifest.xml:117:13-53
	android:name
		ADDED from [zoom-sdk-android-studio:zoomsdk:unspecified] AndroidManifest.xml:115:13-69
service#com.zipow.videobox.PTService
ADDED from [zoom-sdk-android-studio:zoomsdk:unspecified] AndroidManifest.xml:119:9-64
	android:name
		ADDED from [zoom-sdk-android-studio:zoomsdk:unspecified] AndroidManifest.xml:119:18-61
service#com.zipow.videobox.ConfService
ADDED from [zoom-sdk-android-studio:zoomsdk:unspecified] AndroidManifest.xml:120:9-122:47
	android:process
		ADDED from [zoom-sdk-android-studio:zoomsdk:unspecified] AndroidManifest.xml:122:13-44
	android:name
		ADDED from [zoom-sdk-android-studio:zoomsdk:unspecified] AndroidManifest.xml:121:13-58
android:uses-permission#android.permission.READ_EXTERNAL_STORAGE
IMPLIED from src\main\AndroidManifest.xml:2:1-216:12 reason: us.zoom.videomeetings requested WRITE_EXTERNAL_STORAGE
activity#com.paypal.android.sdk.payments.PayPalProfileSharingActivity
ADDED from [com.paypal.sdk:paypal-android-sdk:2.14.4] AndroidManifest.xml:20:9-97
	android:name
		ADDED from [com.paypal.sdk:paypal-android-sdk:2.14.4] AndroidManifest.xml:20:19-94
activity#com.paypal.android.sdk.payments.ProfileSharingConsentActivity
ADDED from [com.paypal.sdk:paypal-android-sdk:2.14.4] AndroidManifest.xml:21:9-98
	android:name
		ADDED from [com.paypal.sdk:paypal-android-sdk:2.14.4] AndroidManifest.xml:21:19-95
activity#io.card.payment.CardIOActivity
ADDED from [io.card:android-sdk:5.4.0] AndroidManifest.xml:22:9-24:66
	android:configChanges
		ADDED from [io.card:android-sdk:5.4.0] AndroidManifest.xml:24:13-63
	android:name
		ADDED from [io.card:android-sdk:5.4.0] AndroidManifest.xml:23:13-58